<?xml version="1.0" encoding="UTF-8"?>
<testsuite name="com.example.myapp2.ExampleUnitTest" tests="1" skipped="0" failures="0" errors="0" timestamp="2024-11-04T17:10:07" hostname="VONQY4QGDMV5M" time="0.002">
  <properties/>
  <testcase name="addition_isCorrect" classname="com.example.myapp2.ExampleUnitTest" time="0.002"/>
  <system-out><![CDATA[]]></system-out>
  <system-err><![CDATA[]]></system-err>
</testsuite>
